<?xml version="1.0" encoding="UTF-8"?>
<!-- Generated by org.testng.reporters.JUnitReportReporter -->
<testsuite hostname="Harika" failures="0" tests="1" name="webDriverConnection.Chrome" time="32.925" errors="0" timestamp="2023-02-03T07:45:41 CST" skipped="0">
  <testcase classname="webDriverConnection.Chrome" name="setUp" time="32.925"/>
  <system-out/>
</testsuite> <!-- webDriverConnection.Chrome -->
